<?xml version="1.0" encoding="UTF-8"?>
<!-- Generated by org.testng.reporters.JUnitReportReporter -->
<testsuite hostname="LAPTOP-J2EHUA6C" failures="0" tests="8" name="com.qa.rediff.TestCases.LoginTest" time="53.594" errors="0" timestamp="2023-10-08T15:10:47 EDT" skipped="0">
  <testcase classname="com.qa.rediff.TestCases.LoginTest" name="verifyLoginWithValidCredentials" time="7.215"/>
  <testcase classname="com.qa.rediff.TestCases.LoginTest" name="verifyLoginWithValidCredentials" time="9.369"/>
  <testcase classname="com.qa.rediff.TestCases.LoginTest" name="verifyLoginWithValidCredentials" time="7.280"/>
  <testcase classname="com.qa.rediff.TestCases.LoginTest" name="verifyLoginWithValidCredentials" time="9.443"/>
  <testcase classname="com.qa.rediff.TestCases.LoginTest" name="verifyLoginWithValidEmailInvalidPassword" time="4.651"/>
  <testcase classname="com.qa.rediff.TestCases.LoginTest" name="verifyLoginWithInvalidEmailValidPassword" time="4.393"/>
  <testcase classname="com.qa.rediff.TestCases.LoginTest" name="verifyLoginWithInvalidCredentials" time="5.881"/>
  <testcase classname="com.qa.rediff.TestCases.LoginTest" name="verifyLoginWithNoCredentials" time="5.362"/>
</testsuite> <!-- com.qa.rediff.TestCases.LoginTest -->
